2023.03.29 12:12:15 INFO  Started: Metals version 0.11.11 in workspace '/Users/lucagonzalez/Desktop/sharedFolder/comp3100-ass1' for client Visual Studio Code 1.76.2.
SLF4J: No SLF4J providers were found.
SLF4J: Defaulting to no-operation (NOP) logger implementation
SLF4J: See https://www.slf4j.org/codes.html#noProviders for further details.
SLF4J: Class path contains SLF4J bindings targeting slf4j-api versions 1.7.x or earlier.
SLF4J: Ignoring binding found at [jar:file:/Users/lucagonzalez/Library/Caches/Coursier/v1/https/repo1.maven.org/maven2/com/outr/scribe-slf4j_2.13/3.11.0/scribe-slf4j_2.13-3.11.0.jar!/org/slf4j/impl/StaticLoggerBinder.class]
SLF4J: See https://www.slf4j.org/codes.html#ignoredBindings for an explanation.
2023.03.29 12:12:17 INFO  time: initialize in 1.49s
2023.03.29 12:12:26 WARN  Build server is not auto-connectable.
2023.03.29 12:12:26 WARN  no build tool detected in workspace '/Users/lucagonzalez/Desktop/sharedFolder/comp3100-ass1'. The most common cause for this problem is that the editor was opened in the wrong working directory, for example if you use sbt then the workspace directory should contain build.sbt. 
2023.03.29 12:12:26 WARN  no build target for: /Users/lucagonzalez/Desktop/sharedFolder/comp3100-ass1/Job.java
2023.03.29 12:12:27 INFO  time: code lens generation in 1.39s
2023.03.29 12:12:27 INFO  time: code lens generation in 1.47s
2023.03.29 12:12:39 WARN  no build target for: /Users/lucagonzalez/Desktop/sharedFolder/comp3100-ass1/Server.java
2023.03.29 12:25:08 WARN  no build target for: /Users/lucagonzalez/Desktop/sharedFolder/comp3100-ass1/TCPClient.java
2023.03.29 12:25:11 INFO  time: code lens generation in 1.91s
Mar 29, 2023 12:30:07 PM org.eclipse.lsp4j.jsonrpc.RemoteEndpoint handleCancellation
WARNING: Unmatched cancel notification for request id 301
2023.03.29 18:19:21 WARN  no build target for: /Users/lucagonzalez/Desktop/sharedFolder/comp3100-ass1/TCPClient.java
2023.03.29 18:19:24 INFO  time: code lens generation in 4.19s
2023.03.29 18:19:58 WARN  no build target for: /Users/lucagonzalez/Desktop/sharedFolder/comp3100-ass1/Job.java
2023.03.29 18:20:00 INFO  Shutting down server
2023.03.29 18:20:00 INFO  shutting down Metals
2023.04.03 19:44:07 INFO  Started: Metals version 0.11.11 in workspace '/Users/lucagonzalez/Desktop/sharedFolder/comp3100-ass1' for client Visual Studio Code 1.76.2.
SLF4J: No SLF4J providers were found.
SLF4J: Defaulting to no-operation (NOP) logger implementation
SLF4J: See https://www.slf4j.org/codes.html#noProviders for further details.
SLF4J: Class path contains SLF4J bindings targeting slf4j-api versions 1.7.x or earlier.
SLF4J: Ignoring binding found at [jar:file:/Users/lucagonzalez/Library/Caches/Coursier/v1/https/repo1.maven.org/maven2/com/outr/scribe-slf4j_2.13/3.11.0/scribe-slf4j_2.13-3.11.0.jar!/org/slf4j/impl/StaticLoggerBinder.class]
SLF4J: See https://www.slf4j.org/codes.html#ignoredBindings for an explanation.
2023.04.03 19:44:08 INFO  time: initialize in 1.77s
2023.04.03 19:44:15 WARN  Build server is not auto-connectable.
2023.04.03 19:44:15 WARN  no build tool detected in workspace '/Users/lucagonzalez/Desktop/sharedFolder/comp3100-ass1'. The most common cause for this problem is that the editor was opened in the wrong working directory, for example if you use sbt then the workspace directory should contain build.sbt. 
2023.04.03 19:44:15 WARN  no build target for: /Users/lucagonzalez/Desktop/sharedFolder/comp3100-ass1/TCPClient.java
Apr 03, 2023 7:44:16 PM org.eclipse.lsp4j.jsonrpc.RemoteEndpoint handleCancellation
WARNING: Unmatched cancel notification for request id 2
2023.04.03 19:44:18 INFO  time: code lens generation in 2.75s
